#-----------------------------------------------------------
# Webtalk v2017.4 (64-bit)
# SW Build 2086221 on Fri Dec 15 20:54:30 MST 2017
# 
# Start of session at: Sun Jan 13 02:01:41 2019
# Process ID: 18017
# Current directory: /home/ivan/ppius/proba/proba.sdk/webtalk
# Command line: wbtcv -mode batch -source sdk_webtalk.tcl
# Log file: /home/ivan/ppius/proba/proba.sdk/webtalk/webtalk.log
# Journal file: /home/ivan/ppius/proba/proba.sdk/webtalk/webtalk.jou
#-----------------------------------------------------------
source sdk_webtalk.tcl
# webtalk_init -webtalk_dir /home/ivan/ppius/proba/proba.sdk/webtalk
# webtalk_register_client -client project
# webtalk_add_data -client project -key date_generated -value "2019-01-13 02:01:38" -context "software_version_and_target_device"
# webtalk_add_data -client project -key product_version -value "SDK v2017.4" -context "software_version_and_target_device"
# webtalk_add_data -client project -key build_version -value "2017.4" -context "software_version_and_target_device"
# webtalk_add_data -client project -key os_platform -value "amd64" -context "software_version_and_target_device"
# webtalk_add_data -client project -key registration_id -value "210991810_1777528317_210691728_548" -context "software_version_and_target_device"
# webtalk_add_data -client project -key tool_flow -value "SDK" -context "software_version_and_target_device"
# webtalk_add_data -client project -key beta -value "false" -context "software_version_and_target_device"
# webtalk_add_data -client project -key route_design -value "NA" -context "software_version_and_target_device"
# webtalk_add_data -client project -key target_family -value "NA" -context "software_version_and_target_device"
# webtalk_add_data -client project -key target_device -value "NA" -context "software_version_and_target_device"
# webtalk_add_data -client project -key target_package -value "NA" -context "software_version_and_target_device"
# webtalk_add_data -client project -key target_speed -value "NA" -context "software_version_and_target_device"
# webtalk_add_data -client project -key random_id -value "j4em6hj0r64ci3oec0ectbu7h5" -context "software_version_and_target_device"
# webtalk_add_data -client project -key project_id -value "2017.4_10" -context "software_version_and_target_device"
# webtalk_add_data -client project -key project_iteration -value "10" -context "software_version_and_target_device"
# webtalk_add_data -client project -key os_name -value "Ubuntu" -context "user_environment"
# webtalk_add_data -client project -key os_release -value "Ubuntu 16.04.5 LTS" -context "user_environment"
# webtalk_add_data -client project -key cpu_name -value "Intel(R) Core(TM) i5-4200U CPU @ 1.60GHz" -context "user_environment"
# webtalk_add_data -client project -key cpu_speed -value "1308.085 MHz" -context "user_environment"
# webtalk_add_data -client project -key total_processors -value "1" -context "user_environment"
# webtalk_add_data -client project -key system_ram -value "4,019 GB" -context "user_environment"
# webtalk_register_client -client sdk
# webtalk_add_data -client sdk -key uid -value "1547340405000" -context "sdk\\\\hardware/1547340405000"
# webtalk_add_data -client sdk -key isZynq -value "true" -context "sdk\\\\hardware/1547340405000"
# webtalk_add_data -client sdk -key isZynqMP -value "false" -context "sdk\\\\hardware/1547340405000"
# webtalk_add_data -client sdk -key Processors -value "2" -context "sdk\\\\hardware/1547340405000"
# webtalk_add_data -client sdk -key VivadoVersion -value "2017.4" -context "sdk\\\\hardware/1547340405000"
# webtalk_add_data -client sdk -key Arch -value "zynq" -context "sdk\\\\hardware/1547340405000"
# webtalk_add_data -client sdk -key Device -value "7z020" -context "sdk\\\\hardware/1547340405000"
# webtalk_add_data -client sdk -key IsHandoff -value "true" -context "sdk\\\\hardware/1547340405000"
# webtalk_add_data -client sdk -key os -value "NA" -context "sdk\\\\hardware/1547340405000"
# webtalk_add_data -client sdk -key apptemplate -value "NA" -context "sdk\\\\hardware/1547340405000"
# webtalk_add_data -client sdk -key RecordType -value "HWCreation" -context "sdk\\\\hardware/1547340405000"
# webtalk_add_data -client sdk -key uid -value "1547340895000" -context "sdk\\\\bsp/1547340895000"
# webtalk_add_data -client sdk -key hwid -value "1547340405000" -context "sdk\\\\bsp/1547340895000"
# webtalk_add_data -client sdk -key os -value "standalone" -context "sdk\\\\bsp/1547340895000"
# webtalk_add_data -client sdk -key apptemplate -value "zynq_fsbl" -context "sdk\\\\bsp/1547340895000"
# webtalk_add_data -client sdk -key RecordType -value "BSPCreation" -context "sdk\\\\bsp/1547340895000"
# webtalk_add_data -client sdk -key uid -value "1547340910000" -context "sdk\\\\application/1547340910000"
# webtalk_add_data -client sdk -key hwid -value "1547340405000" -context "sdk\\\\application/1547340910000"
# webtalk_add_data -client sdk -key bspid -value "1547340895000" -context "sdk\\\\application/1547340910000"
# webtalk_add_data -client sdk -key newbsp -value "true" -context "sdk\\\\application/1547340910000"
# webtalk_add_data -client sdk -key os -value "standalone" -context "sdk\\\\application/1547340910000"
# webtalk_add_data -client sdk -key apptemplate -value "zynq_fsbl" -context "sdk\\\\application/1547340910000"
# webtalk_add_data -client sdk -key RecordType -value "APPCreation" -context "sdk\\\\application/1547340910000"
# webtalk_add_data -client sdk -key LangUsed -value "C" -context "sdk\\\\application/1547340910000"
# webtalk_add_data -client sdk -key Procused -value "ps7_cortexa9" -context "sdk\\\\application/1547340910000"
# webtalk_add_data -client sdk -key projSize -value "341.9921875" -context "sdk\\\\application/1547340910000"
# webtalk_add_data -client sdk -key uid -value "NA" -context "sdk\\\\bsp/1547341298456"
# webtalk_add_data -client sdk -key RecordType -value "ToolUsage" -context "sdk\\\\bsp/1547341298456"
# webtalk_add_data -client sdk -key BootgenCount -value "0" -context "sdk\\\\bsp/1547341298456"
# webtalk_add_data -client sdk -key DebugCount -value "0" -context "sdk\\\\bsp/1547341298456"
# webtalk_add_data -client sdk -key PerfCount -value "0" -context "sdk\\\\bsp/1547341298456"
# webtalk_add_data -client sdk -key FlashCount -value "0" -context "sdk\\\\bsp/1547341298456"
# webtalk_add_data -client sdk -key CrossTriggCount -value "0" -context "sdk\\\\bsp/1547341298456"
# webtalk_add_data -client sdk -key QemuDebugCount -value "0" -context "sdk\\\\bsp/1547341298456"
# webtalk_transmit -clientid 2309775453 -regid "210991810_1777528317_210691728_548" -xml /home/ivan/ppius/proba/proba.sdk/webtalk/usage_statistics_ext_sdk.xml -html /home/ivan/ppius/proba/proba.sdk/webtalk/usage_statistics_ext_sdk.html -wdm /home/ivan/ppius/proba/proba.sdk/webtalk/sdk_webtalk.wdm -intro "<H3>SDK Usage Report</H3><BR>"
# webtalk_terminate
INFO: [Common 17-206] Exiting Webtalk at Sun Jan 13 02:01:42 2019...
